0 info it worked if it ends with ok
1 verbose cli [ '/usr/local/nvm/versions/node/v10.14.2/bin/node',
1 verbose cli   '/usr/local/nvm/versions/node/v10.14.2/bin/npm',
1 verbose cli   'run',
1 verbose cli   'tests' ]
2 info using npm@6.4.1
3 info using node@v10.14.2
4 verbose stack Error: missing script: tests
4 verbose stack
4 verbose stack Did you mean this?
4 verbose stack     test
4 verbose stack     at run (/usr/local/nvm/versions/node/v10.14.2/lib/node_modules/npm/lib/run-script.js:155:19)
4 verbose stack     at /usr/local/nvm/versions/node/v10.14.2/lib/node_modules/npm/lib/run-script.js:63:5
4 verbose stack     at /usr/local/nvm/versions/node/v10.14.2/lib/node_modules/npm/node_modules/read-package-json/read-json.js:115:5
4 verbose stack     at /usr/local/nvm/versions/node/v10.14.2/lib/node_modules/npm/node_modules/read-package-json/read-json.js:418:5
4 verbose stack     at checkBinReferences_ (/usr/local/nvm/versions/node/v10.14.2/lib/node_modules/npm/node_modules/read-package-json/read-json.js:373:45)
4 verbose stack     at final (/usr/local/nvm/versions/node/v10.14.2/lib/node_modules/npm/node_modules/read-package-json/read-json.js:416:3)
4 verbose stack     at then (/usr/local/nvm/versions/node/v10.14.2/lib/node_modules/npm/node_modules/read-package-json/read-json.js:160:5)
4 verbose stack     at /usr/local/nvm/versions/node/v10.14.2/lib/node_modules/npm/node_modules/read-package-json/read-json.js:280:12
4 verbose stack     at /usr/local/nvm/versions/node/v10.14.2/lib/node_modules/npm/node_modules/graceful-fs/graceful-fs.js:78:16
4 verbose stack     at FSReqWrap.readFileAfterClose [as oncomplete] (internal/fs/read_file_context.js:53:3)
5 verbose cwd /home/kcmullapudi93/docker-images/simpleweb/frontend
6 verbose Linux 4.14.111+
7 verbose argv "/usr/local/nvm/versions/node/v10.14.2/bin/node" "/usr/local/nvm/versions/node/v10.14.2/bin/npm" "run" "tests"
8 verbose node v10.14.2
9 verbose npm  v6.4.1
10 error missing script: tests
10 error
10 error Did you mean this?
10 error     test
11 verbose exit [ 1, true ]
